{"/media/Soft/work/corrector-app/src/services/calculation/index.js": {"path":"/media/Soft/work/corrector-app/src/services/calculation/index.js","all":false,"statementMap":{"0":{"start":{"line":1,"column":0},"end":{"line":1,"column":93}},"1":{"start":{"line":2,"column":0},"end":{"line":2,"column":97}},"2":{"start":{"line":3,"column":0},"end":{"line":3,"column":93}},"3":{"start":{"line":4,"column":0},"end":{"line":4,"column":95}},"4":{"start":{"line":5,"column":0},"end":{"line":5,"column":97}},"5":{"start":{"line":6,"column":0},"end":{"line":6,"column":93}},"6":{"start":{"line":7,"column":0},"end":{"line":7,"column":101}},"7":{"start":{"line":8,"column":0},"end":{"line":8,"column":0}},"8":{"start":{"line":9,"column":0},"end":{"line":9,"column":32}},"9":{"start":{"line":10,"column":0},"end":{"line":10,"column":11}},"10":{"start":{"line":11,"column":0},"end":{"line":11,"column":11}},"11":{"start":{"line":12,"column":0},"end":{"line":12,"column":11}},"12":{"start":{"line":13,"column":0},"end":{"line":13,"column":3}},"13":{"start":{"line":14,"column":0},"end":{"line":14,"column":0}},"14":{"start":{"line":15,"column":0},"end":{"line":15,"column":35}},"15":{"start":{"line":16,"column":0},"end":{"line":16,"column":18}},"16":{"start":{"line":17,"column":0},"end":{"line":17,"column":16}},"17":{"start":{"line":18,"column":0},"end":{"line":18,"column":18}},"18":{"start":{"line":19,"column":0},"end":{"line":19,"column":16}},"19":{"start":{"line":20,"column":0},"end":{"line":20,"column":16}},"20":{"start":{"line":21,"column":0},"end":{"line":21,"column":6}},"21":{"start":{"line":22,"column":0},"end":{"line":22,"column":0}},"22":{"start":{"line":23,"column":0},"end":{"line":23,"column":54}},"23":{"start":{"line":24,"column":0},"end":{"line":24,"column":33}},"24":{"start":{"line":25,"column":0},"end":{"line":25,"column":28}},"25":{"start":{"line":26,"column":0},"end":{"line":26,"column":17}},"26":{"start":{"line":27,"column":0},"end":{"line":27,"column":0}},"27":{"start":{"line":28,"column":0},"end":{"line":28,"column":53}},"28":{"start":{"line":29,"column":0},"end":{"line":29,"column":61}},"29":{"start":{"line":30,"column":0},"end":{"line":30,"column":10}},"30":{"start":{"line":31,"column":0},"end":{"line":31,"column":63}},"31":{"start":{"line":32,"column":0},"end":{"line":32,"column":3}},"32":{"start":{"line":33,"column":0},"end":{"line":33,"column":0}},"33":{"start":{"line":34,"column":0},"end":{"line":34,"column":88}},"34":{"start":{"line":35,"column":0},"end":{"line":35,"column":2}},"35":{"start":{"line":36,"column":0},"end":{"line":36,"column":0}},"36":{"start":{"line":37,"column":0},"end":{"line":37,"column":51}},"37":{"start":{"line":38,"column":0},"end":{"line":38,"column":33}},"38":{"start":{"line":39,"column":0},"end":{"line":39,"column":25}},"39":{"start":{"line":40,"column":0},"end":{"line":40,"column":47}},"40":{"start":{"line":41,"column":0},"end":{"line":41,"column":48}},"41":{"start":{"line":42,"column":0},"end":{"line":42,"column":15}},"42":{"start":{"line":43,"column":0},"end":{"line":43,"column":0}},"43":{"start":{"line":44,"column":0},"end":{"line":44,"column":53}},"44":{"start":{"line":45,"column":0},"end":{"line":45,"column":49}},"45":{"start":{"line":46,"column":0},"end":{"line":46,"column":10}},"46":{"start":{"line":47,"column":0},"end":{"line":47,"column":49}},"47":{"start":{"line":48,"column":0},"end":{"line":48,"column":3}},"48":{"start":{"line":49,"column":0},"end":{"line":49,"column":0}},"49":{"start":{"line":50,"column":0},"end":{"line":50,"column":33}},"50":{"start":{"line":51,"column":0},"end":{"line":51,"column":0}},"51":{"start":{"line":52,"column":0},"end":{"line":52,"column":32}},"52":{"start":{"line":53,"column":0},"end":{"line":53,"column":2}},"53":{"start":{"line":54,"column":0},"end":{"line":54,"column":0}},"54":{"start":{"line":55,"column":0},"end":{"line":55,"column":51}},"55":{"start":{"line":56,"column":0},"end":{"line":56,"column":33}},"56":{"start":{"line":57,"column":0},"end":{"line":57,"column":38}},"57":{"start":{"line":58,"column":0},"end":{"line":58,"column":27}},"58":{"start":{"line":59,"column":0},"end":{"line":59,"column":0}},"59":{"start":{"line":60,"column":0},"end":{"line":60,"column":38}},"60":{"start":{"line":61,"column":0},"end":{"line":61,"column":51}},"61":{"start":{"line":62,"column":0},"end":{"line":62,"column":51}},"62":{"start":{"line":63,"column":0},"end":{"line":63,"column":51}},"63":{"start":{"line":64,"column":0},"end":{"line":64,"column":53}},"64":{"start":{"line":65,"column":0},"end":{"line":65,"column":0}},"65":{"start":{"line":66,"column":0},"end":{"line":66,"column":61}},"66":{"start":{"line":67,"column":0},"end":{"line":67,"column":55}},"67":{"start":{"line":68,"column":0},"end":{"line":68,"column":11}},"68":{"start":{"line":69,"column":0},"end":{"line":69,"column":9}},"69":{"start":{"line":70,"column":0},"end":{"line":70,"column":0}},"70":{"start":{"line":71,"column":0},"end":{"line":71,"column":42}},"71":{"start":{"line":72,"column":0},"end":{"line":72,"column":32}},"72":{"start":{"line":73,"column":0},"end":{"line":73,"column":7}},"73":{"start":{"line":74,"column":0},"end":{"line":74,"column":12}},"74":{"start":{"line":75,"column":0},"end":{"line":75,"column":49}},"75":{"start":{"line":76,"column":0},"end":{"line":76,"column":0}},"76":{"start":{"line":77,"column":0},"end":{"line":77,"column":57}},"77":{"start":{"line":78,"column":0},"end":{"line":78,"column":51}},"78":{"start":{"line":79,"column":0},"end":{"line":79,"column":7}},"79":{"start":{"line":80,"column":0},"end":{"line":80,"column":0}},"80":{"start":{"line":81,"column":0},"end":{"line":81,"column":40}},"81":{"start":{"line":82,"column":0},"end":{"line":82,"column":30}},"82":{"start":{"line":83,"column":0},"end":{"line":83,"column":5}},"83":{"start":{"line":84,"column":0},"end":{"line":84,"column":0}},"84":{"start":{"line":85,"column":0},"end":{"line":85,"column":53}},"85":{"start":{"line":86,"column":0},"end":{"line":86,"column":3}},"86":{"start":{"line":87,"column":0},"end":{"line":87,"column":0}},"87":{"start":{"line":88,"column":0},"end":{"line":88,"column":19}},"88":{"start":{"line":89,"column":0},"end":{"line":89,"column":2}},"89":{"start":{"line":90,"column":0},"end":{"line":90,"column":0}},"90":{"start":{"line":91,"column":0},"end":{"line":91,"column":36}},"91":{"start":{"line":92,"column":0},"end":{"line":92,"column":27}},"92":{"start":{"line":93,"column":0},"end":{"line":93,"column":25}},"93":{"start":{"line":94,"column":0},"end":{"line":94,"column":0}},"94":{"start":{"line":95,"column":0},"end":{"line":95,"column":70}},"95":{"start":{"line":96,"column":0},"end":{"line":96,"column":2}},"96":{"start":{"line":97,"column":0},"end":{"line":97,"column":0}},"97":{"start":{"line":98,"column":0},"end":{"line":98,"column":57}},"98":{"start":{"line":99,"column":0},"end":{"line":99,"column":80}},"99":{"start":{"line":100,"column":0},"end":{"line":100,"column":0}},"100":{"start":{"line":101,"column":0},"end":{"line":101,"column":93}}},"s":{"0":1,"1":1,"2":1,"3":1,"4":1,"5":1,"6":1,"7":1,"8":1,"9":1,"10":1,"11":1,"12":1,"13":1,"14":1,"15":1,"16":1,"17":1,"18":1,"19":1,"20":1,"21":1,"22":1,"23":7,"24":7,"25":7,"26":7,"27":7,"28":4,"29":7,"30":3,"31":3,"32":7,"33":7,"34":7,"35":1,"36":1,"37":5,"38":5,"39":5,"40":5,"41":5,"42":5,"43":5,"44":2,"45":5,"46":3,"47":3,"48":5,"49":5,"50":5,"51":5,"52":5,"53":1,"54":1,"55":5,"56":5,"57":5,"58":5,"59":5,"60":359,"61":358,"62":4,"63":3,"64":3,"65":3,"66":4,"67":4,"68":3,"69":4,"70":4,"71":4,"72":4,"73":359,"74":1,"75":1,"76":1,"77":0,"78":0,"79":1,"80":1,"81":1,"82":1,"83":359,"84":359,"85":359,"86":5,"87":5,"88":5,"89":1,"90":1,"91":363,"92":363,"93":363,"94":363,"95":363,"96":1,"97":1,"98":1,"99":1,"100":1},"branchMap":{"0":{"type":"branch","line":23,"loc":{"start":{"line":23,"column":23},"end":{"line":35,"column":2}},"locations":[{"start":{"line":23,"column":23},"end":{"line":35,"column":2}}]},"1":{"type":"branch","line":28,"loc":{"start":{"line":28,"column":6},"end":{"line":28,"column":52}},"locations":[{"start":{"line":28,"column":6},"end":{"line":28,"column":52}}]},"2":{"type":"branch","line":28,"loc":{"start":{"line":28,"column":52},"end":{"line":30,"column":9}},"locations":[{"start":{"line":28,"column":52},"end":{"line":30,"column":9}}]},"3":{"type":"branch","line":29,"loc":{"start":{"line":29,"column":13},"end":{"line":29,"column":58}},"locations":[{"start":{"line":29,"column":13},"end":{"line":29,"column":58}}]},"4":{"type":"branch","line":30,"loc":{"start":{"line":30,"column":3},"end":{"line":32,"column":3}},"locations":[{"start":{"line":30,"column":3},"end":{"line":32,"column":3}}]},"5":{"type":"branch","line":31,"loc":{"start":{"line":31,"column":13},"end":{"line":31,"column":59}},"locations":[{"start":{"line":31,"column":13},"end":{"line":31,"column":59}}]},"6":{"type":"branch","line":34,"loc":{"start":{"line":34,"column":13},"end":{"line":34,"column":23}},"locations":[{"start":{"line":34,"column":13},"end":{"line":34,"column":23}}]},"7":{"type":"branch","line":34,"loc":{"start":{"line":34,"column":13},"end":{"line":34,"column":51}},"locations":[{"start":{"line":34,"column":13},"end":{"line":34,"column":51}}]},"8":{"type":"branch","line":37,"loc":{"start":{"line":37,"column":34},"end":{"line":53,"column":2}},"locations":[{"start":{"line":37,"column":34},"end":{"line":53,"column":2}}]},"9":{"type":"branch","line":44,"loc":{"start":{"line":44,"column":52},"end":{"line":46,"column":9}},"locations":[{"start":{"line":44,"column":52},"end":{"line":46,"column":9}}]},"10":{"type":"branch","line":45,"loc":{"start":{"line":45,"column":11},"end":{"line":45,"column":49}},"locations":[{"start":{"line":45,"column":11},"end":{"line":45,"column":49}}]},"11":{"type":"branch","line":46,"loc":{"start":{"line":46,"column":3},"end":{"line":48,"column":3}},"locations":[{"start":{"line":46,"column":3},"end":{"line":48,"column":3}}]},"12":{"type":"branch","line":47,"loc":{"start":{"line":47,"column":11},"end":{"line":47,"column":38}},"locations":[{"start":{"line":47,"column":11},"end":{"line":47,"column":38}}]},"13":{"type":"branch","line":47,"loc":{"start":{"line":47,"column":11},"end":{"line":47,"column":49}},"locations":[{"start":{"line":47,"column":11},"end":{"line":47,"column":49}}]},"14":{"type":"branch","line":55,"loc":{"start":{"line":55,"column":30},"end":{"line":89,"column":2}},"locations":[{"start":{"line":55,"column":30},"end":{"line":89,"column":2}}]},"15":{"type":"branch","line":60,"loc":{"start":{"line":60,"column":37},"end":{"line":86,"column":3}},"locations":[{"start":{"line":60,"column":37},"end":{"line":86,"column":3}}]},"16":{"type":"branch","line":61,"loc":{"start":{"line":61,"column":50},"end":{"line":74,"column":11}},"locations":[{"start":{"line":61,"column":50},"end":{"line":74,"column":11}}]},"17":{"type":"branch","line":62,"loc":{"start":{"line":62,"column":50},"end":{"line":73,"column":7}},"locations":[{"start":{"line":62,"column":50},"end":{"line":73,"column":7}}]},"18":{"type":"branch","line":63,"loc":{"start":{"line":63,"column":50},"end":{"line":69,"column":9}},"locations":[{"start":{"line":63,"column":50},"end":{"line":69,"column":9}}]},"19":{"type":"branch","line":66,"loc":{"start":{"line":66,"column":60},"end":{"line":68,"column":11}},"locations":[{"start":{"line":66,"column":60},"end":{"line":68,"column":11}}]},"20":{"type":"branch","line":74,"loc":{"start":{"line":74,"column":5},"end":{"line":83,"column":5}},"locations":[{"start":{"line":74,"column":5},"end":{"line":83,"column":5}}]},"21":{"type":"branch","line":77,"loc":{"start":{"line":77,"column":56},"end":{"line":79,"column":7}},"locations":[{"start":{"line":77,"column":56},"end":{"line":79,"column":7}}]},"22":{"type":"branch","line":91,"loc":{"start":{"line":91,"column":25},"end":{"line":96,"column":2}},"locations":[{"start":{"line":91,"column":25},"end":{"line":96,"column":2}}]},"23":{"type":"branch","line":95,"loc":{"start":{"line":95,"column":9},"end":{"line":95,"column":57}},"locations":[{"start":{"line":95,"column":9},"end":{"line":95,"column":57}}]},"24":{"type":"branch","line":95,"loc":{"start":{"line":95,"column":9},"end":{"line":95,"column":64}},"locations":[{"start":{"line":95,"column":9},"end":{"line":95,"column":64}}]},"25":{"type":"branch","line":95,"loc":{"start":{"line":95,"column":9},"end":{"line":95,"column":70}},"locations":[{"start":{"line":95,"column":9},"end":{"line":95,"column":70}}]}},"b":{"0":[7],"1":[5],"2":[4],"3":[0],"4":[3],"5":[0],"6":[3],"7":[4],"8":[5],"9":[2],"10":[0],"11":[3],"12":[1],"13":[2],"14":[5],"15":[359],"16":[358],"17":[4],"18":[3],"19":[4],"20":[1],"21":[0],"22":[363],"23":[360],"24":[356],"25":[7]},"fnMap":{"0":{"name":"amounCalculate","decl":{"start":{"line":23,"column":23},"end":{"line":35,"column":2}},"loc":{"start":{"line":23,"column":23},"end":{"line":35,"column":2}},"line":23},"1":{"name":"deadlineDurationCalculate","decl":{"start":{"line":37,"column":34},"end":{"line":53,"column":2}},"loc":{"start":{"line":37,"column":34},"end":{"line":53,"column":2}},"line":37},"2":{"name":"deadlineDateCalculate","decl":{"start":{"line":55,"column":30},"end":{"line":89,"column":2}},"loc":{"start":{"line":55,"column":30},"end":{"line":89,"column":2}},"line":55},"3":{"name":"checkIsWorkTime","decl":{"start":{"line":91,"column":25},"end":{"line":96,"column":2}},"loc":{"start":{"line":91,"column":25},"end":{"line":96,"column":2}},"line":91}},"f":{"0":7,"1":5,"2":5,"3":363}}
}
