TN:
SF:src/services/calculation/index.js
FN:23,amounCalculate
FN:37,deadlineDurationCalculate
FN:55,deadlineDateCalculate
FN:91,checkIsWorkTime
FNF:4
FNH:4
FNDA:7,amounCalculate
FNDA:5,deadlineDurationCalculate
FNDA:5,deadlineDateCalculate
FNDA:363,checkIsWorkTime
DA:1,1
DA:2,1
DA:3,1
DA:4,1
DA:5,1
DA:6,1
DA:7,1
DA:8,1
DA:9,1
DA:10,1
DA:11,1
DA:12,1
DA:13,1
DA:14,1
DA:15,1
DA:16,1
DA:17,1
DA:18,1
DA:19,1
DA:20,1
DA:21,1
DA:22,1
DA:23,1
DA:24,7
DA:25,7
DA:26,7
DA:27,7
DA:28,7
DA:29,4
DA:30,7
DA:31,3
DA:32,3
DA:33,7
DA:34,7
DA:35,7
DA:36,1
DA:37,1
DA:38,5
DA:39,5
DA:40,5
DA:41,5
DA:42,5
DA:43,5
DA:44,5
DA:45,2
DA:46,5
DA:47,3
DA:48,3
DA:49,5
DA:50,5
DA:51,5
DA:52,5
DA:53,5
DA:54,1
DA:55,1
DA:56,5
DA:57,5
DA:58,5
DA:59,5
DA:60,5
DA:61,359
DA:62,358
DA:63,4
DA:64,3
DA:65,3
DA:66,3
DA:67,4
DA:68,4
DA:69,3
DA:70,4
DA:71,4
DA:72,4
DA:73,4
DA:74,359
DA:75,1
DA:76,1
DA:77,1
DA:78,0
DA:79,0
DA:80,1
DA:81,1
DA:82,1
DA:83,1
DA:84,359
DA:85,359
DA:86,359
DA:87,5
DA:88,5
DA:89,5
DA:90,1
DA:91,1
DA:92,363
DA:93,363
DA:94,363
DA:95,363
DA:96,363
DA:97,1
DA:98,1
DA:99,1
DA:100,1
DA:101,1
LF:101
LH:99
BRDA:23,0,0,7
BRDA:28,1,0,5
BRDA:28,2,0,4
BRDA:29,3,0,0
BRDA:30,4,0,3
BRDA:31,5,0,0
BRDA:34,6,0,3
BRDA:34,7,0,4
BRDA:37,8,0,5
BRDA:44,9,0,2
BRDA:45,10,0,0
BRDA:46,11,0,3
BRDA:47,12,0,1
BRDA:47,13,0,2
BRDA:55,14,0,5
BRDA:60,15,0,359
BRDA:61,16,0,358
BRDA:62,17,0,4
BRDA:63,18,0,3
BRDA:66,19,0,4
BRDA:74,20,0,1
BRDA:77,21,0,0
BRDA:91,22,0,363
BRDA:95,23,0,360
BRDA:95,24,0,356
BRDA:95,25,0,7
BRF:26
BRH:22
end_of_record
